<?xml version="1.0" encoding="UTF-8"?>
<testng-results ignored="0" total="1" passed="1" failed="0" skipped="0">
  <reporter-output>
    <line>
      <![CDATA[Login to the application successfully]]>
    </line>
    <line>
      <![CDATA[Books link has been clicked]]>
    </line>
    <line>
      <![CDATA[Computers link has been clicked]]>
    </line>
  </reporter-output>
  <suite started-at="2024-06-11T08:44:51 IST" name="Default suite" finished-at="2024-06-11T08:45:13 IST" duration-ms="22918">
    <groups>
    </groups>
    <test started-at="2024-06-11T08:44:51 IST" name="Default test" finished-at="2024-06-11T08:45:13 IST" duration-ms="22918">
      <class name="login.TestScript">
        <test-method is-config="true" signature="launchBrowser()[pri:0, instance:login.TestScript@557caf28]" started-at="2024-06-11T08:44:51 IST" name="launchBrowser" finished-at="2024-06-11T08:45:04 IST" duration-ms="13411" status="PASS">
          <reporter-output>
          </reporter-output>
        </test-method> <!-- launchBrowser -->
        <test-method is-config="true" signature="login()[pri:0, instance:login.TestScript@557caf28]" started-at="2024-06-11T08:45:04 IST" name="login" finished-at="2024-06-11T08:45:07 IST" duration-ms="2776" status="PASS">
          <reporter-output>
          </reporter-output>
        </test-method> <!-- login -->
        <test-method signature="click()[pri:0, instance:login.TestScript@557caf28]" started-at="2024-06-11T08:45:07 IST" name="click" finished-at="2024-06-11T08:45:11 IST" duration-ms="4348" status="PASS">
          <reporter-output>
            <line>
              <![CDATA[Login to the application successfully]]>
            </line>
            <line>
              <![CDATA[Books link has been clicked]]>
            </line>
            <line>
              <![CDATA[Computers link has been clicked]]>
            </line>
          </reporter-output>
        </test-method> <!-- click -->
        <test-method is-config="true" signature="logout()[pri:0, instance:login.TestScript@557caf28]" started-at="2024-06-11T08:45:11 IST" name="logout" finished-at="2024-06-11T08:45:13 IST" duration-ms="1548" status="PASS">
          <reporter-output>
          </reporter-output>
        </test-method> <!-- logout -->
        <test-method is-config="true" signature="closeBrowser()[pri:0, instance:login.TestScript@557caf28]" started-at="2024-06-11T08:45:13 IST" name="closeBrowser" finished-at="2024-06-11T08:45:13 IST" duration-ms="481" status="PASS">
          <reporter-output>
          </reporter-output>
        </test-method> <!-- closeBrowser -->
      </class> <!-- login.TestScript -->
    </test> <!-- Default test -->
  </suite> <!-- Default suite -->
</testng-results>
